<?xml version="1.0" encoding="UTF-8"?>
<!-- Generated by org.testng.reporters.JUnitReportReporter -->
<testsuite skipped="0" hostname="JagadishLaptop" name="testNGTurorials.FirstTestNGTutorials" tests="3" failures="0" timestamp="2021-07-23T19:45:52 IST" time="0.016" errors="0">
  <testcase name="verifyPageTitle" time="0.016" classname="testNGTurorials.FirstTestNGTutorials"/>
  <system-out/>
  <testcase name="logut" time="0.000" classname="testNGTurorials.FirstTestNGTutorials"/>
  <system-out/>
  <testcase name="clickItems" time="0.000" classname="testNGTurorials.FirstTestNGTutorials"/>
  <system-out/>
</testsuite> <!-- testNGTurorials.FirstTestNGTutorials -->
